<?xml version="1.0" encoding="UTF-8"?>
<testng-results skipped="0" failed="0" ignored="0" total="1" passed="1">
  <reporter-output>
  </reporter-output>
  <suite name="Command line suite" duration-ms="49" started-at="2020-09-23T13:17:11 IST" finished-at="2020-09-23T13:17:12 IST">
    <groups>
    </groups>
    <test name="Command line test" duration-ms="49" started-at="2020-09-23T13:17:11 IST" finished-at="2020-09-23T13:17:12 IST">
      <class name="com.QERedfishRegression.app.AppTest">
        <test-method status="PASS" signature="testApp()" name="testApp" duration-ms="9" started-at="2020-09-23T13:17:12 IST" finished-at="2020-09-23T13:17:12 IST">
          <reporter-output>
          </reporter-output>
        </test-method> <!-- testApp -->
      </class> <!-- com.QERedfishRegression.app.AppTest -->
    </test> <!-- Command line test -->
  </suite> <!-- Command line suite -->
</testng-results>
