<?xml version="1.0" encoding="UTF-8"?>
<testng-results ignored="0" total="0" passed="0" failed="0" skipped="0">
  <reporter-output>
  </reporter-output>
  <suite started-at="2020-09-28T12:16:05 BST" name="Command line suite" finished-at="2020-09-28T12:16:05 BST" duration-ms="18">
    <groups>
    </groups>
    <test started-at="2020-09-28T12:16:05 BST" name="Command line test" finished-at="2020-09-28T12:16:05 BST" duration-ms="18">
    </test> <!-- Command line test -->
  </suite> <!-- Command line suite -->
</testng-results>
